0 info it worked if it ends with ok
1 verbose cli [ '/usr/local/Cellar/node/0.10.26/bin/node',
1 verbose cli   '/usr/local/bin/npm',
1 verbose cli   'install',
1 verbose cli   'net.Socket' ]
2 info using npm@1.4.3
3 info using node@v0.10.26
4 warn package.json net@1.0.2 net is also the name of a node core module.
5 warn package.json net@1.0.2 'repositories' (plural) Not supported. Please pick one as the 'repository' field
6 verbose cache add [ 'net.Socket', null ]
7 verbose cache add name=undefined spec="net.Socket" args=["net.Socket",null]
8 verbose parsed url { protocol: null,
8 verbose parsed url   slashes: null,
8 verbose parsed url   auth: null,
8 verbose parsed url   host: null,
8 verbose parsed url   port: null,
8 verbose parsed url   hostname: null,
8 verbose parsed url   hash: null,
8 verbose parsed url   search: null,
8 verbose parsed url   query: null,
8 verbose parsed url   pathname: 'net.Socket',
8 verbose parsed url   path: 'net.Socket',
8 verbose parsed url   href: 'net.Socket' }
9 silly lockFile 81e8641c-net-Socket net.Socket
10 verbose lock net.Socket /Users/mparm920/.npm/81e8641c-net-Socket.lock
11 silly lockFile 81e8641c-net-Socket net.Socket
12 silly lockFile 81e8641c-net-Socket net.Socket
13 verbose addNamed [ 'net.Socket', '' ]
14 verbose addNamed [ null, '*' ]
15 silly lockFile 78072e28-net-Socket net.Socket@
16 verbose lock net.Socket@ /Users/mparm920/.npm/78072e28-net-Socket.lock
17 silly addNameRange { name: 'net.Socket', range: '*', hasData: false }
18 verbose url raw net.Socket
19 verbose url resolving [ 'https://registry.npmjs.org/', './net.Socket' ]
20 verbose url resolved https://registry.npmjs.org/net.Socket
21 info trying registry request attempt 1 at 15:23:41
22 http GET https://registry.npmjs.org/net.Socket
23 http 404 https://registry.npmjs.org/net.Socket
24 silly registry.get cb [ 404,
24 silly registry.get   { date: 'Fri, 18 Apr 2014 19:23:43 GMT',
24 silly registry.get     server: 'CouchDB/1.5.0 (Erlang OTP/R14B04)',
24 silly registry.get     'content-type': 'application/json',
24 silly registry.get     via: '1.1 varnish',
24 silly registry.get     'cache-control': 'max-age=0',
24 silly registry.get     'content-length': '52',
24 silly registry.get     'accept-ranges': 'bytes',
24 silly registry.get     age: '0',
24 silly registry.get     'x-served-by': 'cache-v43-ASH, cache-d64-DAL',
24 silly registry.get     'x-cache': 'MISS, MISS',
24 silly registry.get     'x-cache-hits': '0, 0',
24 silly registry.get     'x-timer': 'S1397849023.415674925,VS0,VS16,VE111,VE128',
24 silly registry.get     'keep-alive': 'timeout=10, max=50',
24 silly registry.get     connection: 'Keep-Alive' } ]
25 silly lockFile 78072e28-net-Socket net.Socket@
26 silly lockFile 78072e28-net-Socket net.Socket@
27 error 404 'net.Socket' is not in the npm registry.
27 error 404 You should bug the author to publish it
27 error 404
27 error 404 Note that you can also install from a
27 error 404 tarball, folder, or http url, or git url.
28 error System Darwin 13.1.0
29 error command "/usr/local/Cellar/node/0.10.26/bin/node" "/usr/local/bin/npm" "install" "net.Socket"
30 error cwd /Users/mparm920/MarksTesting
31 error node -v v0.10.26
32 error npm -v 1.4.3
33 error code E404
34 verbose exit [ 1, true ]
